<?xml version="1.0" encoding="UTF-8"?>
<!-- Generated by org.testng.reporters.JUnitReportReporter -->
<testsuite hostname="DESKTOP-UA1CCT0" failures="0" tests="1" name="test.LoginPageTest" time="0.082" errors="0" timestamp="2022-08-11T14:59:29 IST" skipped="0">
  <testcase classname="test.LoginPageTest" name="verifyKiteLogoTest" time="0.082"/>
  <system-out/>
</testsuite> <!-- test.LoginPageTest -->
